<?xml version="1.0" encoding="UTF-8"?>
<!-- Generated by org.testng.reporters.JUnitXMLReporter -->
<testsuite hostname="USHYDAMALBARI1" ignored="0" name="Test" tests="24" failures="4" timestamp="2020-10-25T00:01:59 IST" time="127.063" errors="0">
  <testcase name="login" time="5.354" classname="loginTest.LoginTest1"/>
  <testcase name="login" time="9.33" classname="loginTest.LoginTest1"/>
  <testcase name="login" time="11.088" classname="loginTest.LoginTest1">
    <failure type="java.lang.AssertionError" message="Incorrect username and passwordSumit">
      <![CDATA[java.lang.AssertionError: Incorrect username and passwordSumit
at loginTest.LoginTest1.login(LoginTest1.java:43)
at java.util.concurrent.ThreadPoolExecutor.runWorker(Unknown Source)
at java.util.concurrent.ThreadPoolExecutor$Worker.run(Unknown Source)
at java.lang.Thread.run(Unknown Source)
... Removed 13 stack frames]]>
    </failure>
  </testcase> <!-- login -->
  <testcase name="login" time="10.059" classname="loginTest.LoginTest1">
    <failure type="java.lang.AssertionError" message="Incorrect username and passwordAmit">
      <![CDATA[java.lang.AssertionError: Incorrect username and passwordAmit
at loginTest.LoginTest1.login(LoginTest1.java:43)
at java.util.concurrent.ThreadPoolExecutor.runWorker(Unknown Source)
at java.util.concurrent.ThreadPoolExecutor$Worker.run(Unknown Source)
at java.lang.Thread.run(Unknown Source)
... Removed 13 stack frames]]>
    </failure>
  </testcase> <!-- login -->
  <testcase name="login" time="9.099" classname="loginTest.LoginTest1">
    <failure type="java.lang.AssertionError" message="Incorrect username and passwordAmit">
      <![CDATA[java.lang.AssertionError: Incorrect username and passwordAmit
at loginTest.LoginTest1.login(LoginTest1.java:43)
at java.util.concurrent.ThreadPoolExecutor.runWorker(Unknown Source)
at java.util.concurrent.ThreadPoolExecutor$Worker.run(Unknown Source)
at java.lang.Thread.run(Unknown Source)
... Removed 13 stack frames]]>
    </failure>
  </testcase> <!-- login -->
  <testcase name="login" time="13.929" classname="loginTest.LoginTest1"/>
  <testcase name="login" time="10.163" classname="loginTest.LoginTest1"/>
  <testcase name="login" time="12.065" classname="loginTest.LoginTest1">
    <failure type="java.lang.AssertionError" message="Incorrect username and passwordSumit">
      <![CDATA[java.lang.AssertionError: Incorrect username and passwordSumit
at loginTest.LoginTest1.login(LoginTest1.java:43)
at java.util.concurrent.ThreadPoolExecutor.runWorker(Unknown Source)
at java.util.concurrent.ThreadPoolExecutor$Worker.run(Unknown Source)
at java.lang.Thread.run(Unknown Source)
... Removed 13 stack frames]]>
    </failure>
  </testcase> <!-- login -->
  <testcase name="maximize" time="0.223" classname="loginTest.LoginTest1"/>
  <testcase name="maximize" time="0.477" classname="loginTest.LoginTest1"/>
  <testcase name="maximize" time="0.0" classname="loginTest.LoginTest1">
    <skipped/>
  </testcase> <!-- maximize -->
  <testcase name="maximize" time="0.0" classname="loginTest.LoginTest1">
    <skipped/>
  </testcase> <!-- maximize -->
  <testcase name="maximize" time="0.0" classname="loginTest.LoginTest1">
    <skipped/>
  </testcase> <!-- maximize -->
  <testcase name="maximize" time="0.532" classname="loginTest.LoginTest1"/>
  <testcase name="maximize" time="0.806" classname="loginTest.LoginTest1"/>
  <testcase name="maximize" time="0.0" classname="loginTest.LoginTest1">
    <skipped/>
  </testcase> <!-- maximize -->
  <testcase name="NewCustomer" time="3.622" classname="loginTest.LoginTest1"/>
  <testcase name="NewCustomer" time="5.061" classname="loginTest.LoginTest1"/>
  <testcase name="NewCustomer" time="0.0" classname="loginTest.LoginTest1">
    <skipped/>
  </testcase> <!-- NewCustomer -->
  <testcase name="NewCustomer" time="0.0" classname="loginTest.LoginTest1">
    <skipped/>
  </testcase> <!-- NewCustomer -->
  <testcase name="NewCustomer" time="0.0" classname="loginTest.LoginTest1">
    <skipped/>
  </testcase> <!-- NewCustomer -->
  <testcase name="NewCustomer" time="4.54" classname="loginTest.LoginTest1"/>
  <testcase name="NewCustomer" time="3.069" classname="loginTest.LoginTest1"/>
  <testcase name="NewCustomer" time="0.0" classname="loginTest.LoginTest1">
    <skipped/>
  </testcase> <!-- NewCustomer -->
</testsuite> <!-- Test -->
